build/outputs/logs/manifest-merger-debug-report.txt
-- Merging decision tree log ---
manifest
ADDED from src/main/AndroidManifest.xml:2:1-48:12
	package
		ADDED from src/main/AndroidManifest.xml:3:5-55
		INJECTED from src/main/AndroidManifest.xml
		INJECTED from src/main/AndroidManifest.xml
	android:versionName
		INJECTED from src/main/AndroidManifest.xml
		INJECTED from src/main/AndroidManifest.xml
	xmlns:android
		ADDED from src/main/AndroidManifest.xml:2:11-69
	android:versionCode
		INJECTED from src/main/AndroidManifest.xml
		INJECTED from src/main/AndroidManifest.xml
uses-permission#android.permission.INTERNET
ADDED from src/main/AndroidManifest.xml:5:5-67
	android:name
		ADDED from src/main/AndroidManifest.xml:5:22-64
uses-permission#android.permission.ACCESS_NETWORK_STATE
ADDED from src/main/AndroidManifest.xml:6:5-79
	android:name
		ADDED from src/main/AndroidManifest.xml:6:22-76
uses-permission#android.permission.READ_EXTERNAL_STORAGE
ADDED from src/main/AndroidManifest.xml:7:5-80
	android:name
		ADDED from src/main/AndroidManifest.xml:7:22-77
application
ADDED from src/main/AndroidManifest.xml:9:5-46:19
MERGED from [com.android.support:appcompat-v7:21.0.3] AndroidManifest.xml:16:5-19
MERGED from [com.android.support:support-v4:21.0.3] AndroidManifest.xml:16:5-19
	android:label
		ADDED from src/main/AndroidManifest.xml:12:9-41
	android:allowBackup
		ADDED from src/main/AndroidManifest.xml:10:9-35
	android:icon
		ADDED from src/main/AndroidManifest.xml:11:9-43
	android:theme
		ADDED from src/main/AndroidManifest.xml:13:9-40
activity#com.microsoft.projectoxford.visionsample.MainActivity
ADDED from src/main/AndroidManifest.xml:14:9-22:20
	android:label
		ADDED from src/main/AndroidManifest.xml:16:13-45
	android:name
		ADDED from src/main/AndroidManifest.xml:15:13-41
intent-filter#android.intent.action.MAIN+android.intent.category.LAUNCHER
ADDED from src/main/AndroidManifest.xml:17:13-21:29
action#android.intent.action.MAIN
ADDED from src/main/AndroidManifest.xml:18:17-69
	android:name
		ADDED from src/main/AndroidManifest.xml:18:25-66
category#android.intent.category.LAUNCHER
ADDED from src/main/AndroidManifest.xml:20:17-77
	android:name
		ADDED from src/main/AndroidManifest.xml:20:27-74
activity#com.microsoft.projectoxford.visionsample.DescribeActivity
ADDED from src/main/AndroidManifest.xml:25:9-32:20
	android:label
		ADDED from src/main/AndroidManifest.xml:27:13-60
	android:parentActivityName
		ADDED from src/main/AndroidManifest.xml:28:13-55
	android:name
		ADDED from src/main/AndroidManifest.xml:26:13-45
meta-data#android.support.PARENT_ACTIVITY
ADDED from src/main/AndroidManifest.xml:29:13-31:89
	android:value
		ADDED from src/main/AndroidManifest.xml:31:17-86
	android:name
		ADDED from src/main/AndroidManifest.xml:30:17-63
activity#com.microsoft.projectoxford.visionsample.SearchActivity
ADDED from src/main/AndroidManifest.xml:34:9-41:20
	android:label
		ADDED from src/main/AndroidManifest.xml:36:13-46
	android:parentActivityName
		ADDED from src/main/AndroidManifest.xml:37:13-55
	android:name
		ADDED from src/main/AndroidManifest.xml:35:13-43
activity#com.microsoft.projectoxford.visionsample.helper.SelectImageActivity
ADDED from src/main/AndroidManifest.xml:42:9-45:52
	android:screenOrientation
		ADDED from src/main/AndroidManifest.xml:45:13-49
	android:label
		ADDED from src/main/AndroidManifest.xml:44:13-52
	android:name
		ADDED from src/main/AndroidManifest.xml:43:13-55
uses-sdk
INJECTED from src/main/AndroidManifest.xml reason: use-sdk injection requested
MERGED from [com.microsoft.projectoxford:vision:1.0.354] AndroidManifest.xml:5:5-7:41
MERGED from [com.android.support:appcompat-v7:21.0.3] AndroidManifest.xml:15:5-42
MERGED from [com.android.support:support-v4:21.0.3] AndroidManifest.xml:15:5-42
	android:targetSdkVersion
		INJECTED from src/main/AndroidManifest.xml
		INJECTED from src/main/AndroidManifest.xml
	android:minSdkVersion
		INJECTED from src/main/AndroidManifest.xml
		INJECTED from src/main/AndroidManifest.xml
library
ADDED from [com.microsoft.projectoxford:vision:1.0.354] AndroidManifest.xml:9:5-16